<?xml version="1.0" encoding="UTF-8" ?>
<testsuite failures="0" time="4.127" errors="0" skipped="0" tests="17" name="org.eclipselabs.restlet.servlet.junit.tests.TestRestletServletService">
  <properties>
    <property name="java.vendor" value="Apple Inc."/>
    <property name="osgi.bundles.defaultStartLevel" value="4"/>
    <property name="org.osgi.service.http.port" value="8080"/>
    <property name="sun.java.launcher" value="SUN_STANDARD"/>
    <property name="org.osgi.supports.framework.extension" value="true"/>
    <property name="sun.management.compiler" value="HotSpot 64-Bit Server Compiler"/>
    <property name="os.name" value="Mac OS X"/>
    <property name="sun.boot.class.path" value="/System/Library/Java/JavaVirtualMachines/1.6.0.jdk/Contents/Classes/jsfd.jar:/System/Library/Java/JavaVirtualMachines/1.6.0.jdk/Contents/Classes/classes.jar:/System/Library/Frameworks/JavaVM.framework/Frameworks/JavaRuntimeSupport.framework/Resources/Java/JavaRuntimeSupport.jar:/System/Library/Java/JavaVirtualMachines/1.6.0.jdk/Contents/Classes/ui.jar:/System/Library/Java/JavaVirtualMachines/1.6.0.jdk/Contents/Classes/laf.jar:/System/Library/Java/JavaVirtualMachines/1.6.0.jdk/Contents/Classes/sunrsasign.jar:/System/Library/Java/JavaVirtualMachines/1.6.0.jdk/Contents/Classes/jsse.jar:/System/Library/Java/JavaVirtualMachines/1.6.0.jdk/Contents/Classes/jce.jar:/System/Library/Java/JavaVirtualMachines/1.6.0.jdk/Contents/Classes/charsets.jar"/>
    <property name="osgi.ws" value="cocoa"/>
    <property name="java.vm.specification.vendor" value="Sun Microsystems Inc."/>
    <property name="java.runtime.version" value="1.6.0_24-b07-334-10M3326"/>
    <property name="osgi.instance.area" value="file:/Users/bhunt/Documents/Programming/Code/EclipseLabs/restlet-osgi/Git/tests/org.eclipselabs.restlet.servlet.junit/target/work/data/"/>
    <property name="org.osgi.framework.uuid" value="90b26f30-0559-0010-1996-99d6e611cfcd"/>
    <property name="osgi.noShutdown" value="false"/>
    <property name="user.name" value="bhunt"/>
    <property name="org.osgi.framework.system.packages" value="javax.accessibility,javax.activation,javax.activity,javax.annotation,javax.annotation.processing,javax.crypto,javax.crypto.interfaces,javax.crypto.spec,javax.imageio,javax.imageio.event,javax.imageio.metadata,javax.imageio.plugins.bmp,javax.imageio.plugins.jpeg,javax.imageio.spi,javax.imageio.stream,javax.jws,javax.jws.soap,javax.lang.model,javax.lang.model.element,javax.lang.model.type,javax.lang.model.util,javax.management,javax.management.loading,javax.management.modelmbean,javax.management.monitor,javax.management.openmbean,javax.management.relation,javax.management.remote,javax.management.remote.rmi,javax.management.timer,javax.naming,javax.naming.directory,javax.naming.event,javax.naming.ldap,javax.naming.spi,javax.net,javax.net.ssl,javax.print,javax.print.attribute,javax.print.attribute.standard,javax.print.event,javax.rmi,javax.rmi.CORBA,javax.rmi.ssl,javax.script,javax.security.auth,javax.security.auth.callback,javax.security.auth.kerberos,javax.security.auth.login,javax.security.auth.spi,javax.security.auth.x500,javax.security.cert,javax.security.sasl,javax.sound.midi,javax.sound.midi.spi,javax.sound.sampled,javax.sound.sampled.spi,javax.sql,javax.sql.rowset,javax.sql.rowset.serial,javax.sql.rowset.spi,javax.swing,javax.swing.border,javax.swing.colorchooser,javax.swing.event,javax.swing.filechooser,javax.swing.plaf,javax.swing.plaf.basic,javax.swing.plaf.metal,javax.swing.plaf.multi,javax.swing.plaf.synth,javax.swing.table,javax.swing.text,javax.swing.text.html,javax.swing.text.html.parser,javax.swing.text.rtf,javax.swing.tree,javax.swing.undo,javax.tools,javax.transaction,javax.transaction.xa,javax.xml,javax.xml.bind,javax.xml.bind.annotation,javax.xml.bind.annotation.adapters,javax.xml.bind.attachment,javax.xml.bind.helpers,javax.xml.bind.util,javax.xml.crypto,javax.xml.crypto.dom,javax.xml.crypto.dsig,javax.xml.crypto.dsig.dom,javax.xml.crypto.dsig.keyinfo,javax.xml.crypto.dsig.spec,javax.xml.datatype,javax.xml.namespace,javax.xml.parsers,javax.xml.soap,javax.xml.stream,javax.xml.stream.events,javax.xml.stream.util,javax.xml.transform,javax.xml.transform.dom,javax.xml.transform.sax,javax.xml.transform.stax,javax.xml.transform.stream,javax.xml.validation,javax.xml.ws,javax.xml.ws.handler,javax.xml.ws.handler.soap,javax.xml.ws.http,javax.xml.ws.soap,javax.xml.ws.spi,javax.xml.ws.wsaddressing,javax.xml.xpath,org.ietf.jgss,org.omg.CORBA,org.omg.CORBA_2_3,org.omg.CORBA_2_3.portable,org.omg.CORBA.DynAnyPackage,org.omg.CORBA.ORBPackage,org.omg.CORBA.portable,org.omg.CORBA.TypeCodePackage,org.omg.CosNaming,org.omg.CosNaming.NamingContextExtPackage,org.omg.CosNaming.NamingContextPackage,org.omg.Dynamic,org.omg.DynamicAny,org.omg.DynamicAny.DynAnyFactoryPackage,org.omg.DynamicAny.DynAnyPackage,org.omg.IOP,org.omg.IOP.CodecFactoryPackage,org.omg.IOP.CodecPackage,org.omg.Messaging,org.omg.PortableInterceptor,org.omg.PortableInterceptor.ORBInitInfoPackage,org.omg.PortableServer,org.omg.PortableServer.CurrentPackage,org.omg.PortableServer.POAManagerPackage,org.omg.PortableServer.POAPackage,org.omg.PortableServer.portable,org.omg.PortableServer.ServantLocatorPackage,org.omg.SendingContext,org.omg.stub.java.rmi,org.w3c.dom,org.w3c.dom.bootstrap,org.w3c.dom.css,org.w3c.dom.events,org.w3c.dom.html,org.w3c.dom.ls,org.w3c.dom.ranges,org.w3c.dom.stylesheets,org.w3c.dom.traversal,org.w3c.dom.views,org.w3c.dom.xpath,org.xml.sax,org.xml.sax.ext,org.xml.sax.helpers"/>
    <property name="awt.nativeDoubleBuffering" value="true"/>
    <property name="equinox.use.ds" value="true"/>
    <property name="org.osgi.framework.language" value="en"/>
    <property name="user.language" value="en"/>
    <property name="org.osgi.framework.processor" value="x86-64"/>
    <property name="osgi.syspath" value="/Users/bhunt/.m2/repository/p2/osgi/bundle/org.eclipse.osgi/3.7.0.v20110304"/>
    <property name="sun.boot.library.path" value="/System/Library/Java/JavaVirtualMachines/1.6.0.jdk/Contents/Libraries"/>
    <property name="osgi.manifest.cache" value="/Users/bhunt/Documents/Programming/Code/EclipseLabs/restlet-osgi/Git/tests/org.eclipselabs.restlet.servlet.junit/target/work/configuration/org.eclipse.osgi/manifests"/>
    <property name="org.osgi.framework.system.capabilities" value="osgi.ee; osgi.ee=&quot;OSGi/Minimum&quot;; version:List&lt;Version&gt;=&quot;1.0, 1.1, 1.2&quot;,osgi.ee; osgi.ee=&quot;JavaSE&quot;; version:List&lt;Version&gt;=&quot;1.0, 1.1, 1.2, 1.3, 1.4, 1.5, 1.6&quot;"/>
    <property name="java.version" value="1.6.0_24"/>
    <property name="org.osgi.framework.os.name" value="MacOSX"/>
    <property name="user.timezone" value="America/Chicago"/>
    <property name="sun.arch.data.model" value="64"/>
    <property name="osgi.bundles" value="reference:file:/Users/bhunt/.m2/repository/p2/osgi/bundle/org.eclipse.equinox.http.jetty/2.0.0.v20100503/org.eclipse.equinox.http.jetty-2.0.0.v20100503.jar@4:start,reference:file:/Users/bhunt/.m2/repository/p2/osgi/bundle/org.eclipse.equinox.http.servlet/1.1.200.v20110228/org.eclipse.equinox.http.servlet-1.1.200.v20110228.jar@4:start,reference:file:/Users/bhunt/.m2/repository/p2/osgi/bundle/org.eclipse.equinox.ds/1.3.0.v20110228/org.eclipse.equinox.ds-1.3.0.v20110228.jar@1:start,reference:file:/Users/bhunt/Documents/Programming/Code/EclipseLabs/restlet-osgi/Git/plugins/org.eclipselabs.restlet.servlet/target/org.eclipselabs.restlet.servlet-0.3.0-SNAPSHOT.jar@4:start,reference:file:/Users/bhunt/.m2/repository/p2/osgi/bundle/org.eclipse.equinox.launcher/1.2.0.v20110124-0830/org.eclipse.equinox.launcher-1.2.0.v20110124-0830.jar,reference:file:/Users/bhunt/.m2/repository/p2/osgi/bundle/org.eclipse.core.runtime/3.7.0.v20110110/org.eclipse.core.runtime-3.7.0.v20110110.jar@4:start,reference:file:/Users/bhunt/.m2/repository/p2/osgi/bundle/org.eclipse.core.contenttype/3.4.100.v20110207/org.eclipse.core.contenttype-3.4.100.v20110207.jar,reference:file:/Users/bhunt/.m2/repository/p2/osgi/bundle/org.eclipse.equinox.preferences/3.4.0.v20110124-0830/org.eclipse.equinox.preferences-3.4.0.v20110124-0830.jar,reference:file:/Users/bhunt/.m2/repository/p2/osgi/bundle/org.eclipse.equinox.registry/3.5.100.v20110207/org.eclipse.equinox.registry-3.5.100.v20110207.jar,reference:file:/Users/bhunt/.m2/repository/p2/osgi/bundle/org.eclipse.equinox.common/3.6.0.v20110110/org.eclipse.equinox.common-3.6.0.v20110110.jar@2:start,reference:file:/Users/bhunt/.m2/repository/p2/osgi/bundle/org.eclipse.core.jobs/3.5.100.v20110214/org.eclipse.core.jobs-3.5.100.v20110214.jar,reference:file:/Users/bhunt/.m2/repository/p2/osgi/bundle/org.eclipse.core.runtime.compatibility.auth/3.2.200.v20110110/org.eclipse.core.runtime.compatibility.auth-3.2.200.v20110110.jar,reference:file:/Users/bhunt/.m2/repository/p2/osgi/bundle/org.eclipse.equinox.app/1.3.100.v20110214/org.eclipse.equinox.app-1.3.100.v20110214.jar,reference:file:/Users/bhunt/.m2/repository/p2/osgi/bundle/org.eclipse.osgi.services/3.3.0.v20110110/org.eclipse.osgi.services-3.3.0.v20110110.jar,reference:file:/Users/bhunt/.m2/repository/p2/osgi/bundle/org.eclipse.equinox.util/1.0.200.v20100503/org.eclipse.equinox.util-1.0.200.v20100503.jar,reference:file:/Users/bhunt/.m2/repository/p2/osgi/bundle/javax.servlet/2.5.0.v201103041518/javax.servlet-2.5.0.v201103041518.jar,reference:file:/Users/bhunt/.m2/repository/p2/osgi/bundle/org.mortbay.jetty.util/6.1.23.v201012071420/org.mortbay.jetty.util-6.1.23.v201012071420.jar,reference:file:/Users/bhunt/.m2/repository/p2/osgi/bundle/org.mortbay.jetty.server/6.1.23.v201012071420/org.mortbay.jetty.server-6.1.23.v201012071420.jar,reference:file:/Users/bhunt/Documents/Programming/Code/EclipseLabs/restlet-osgi/Git/plugins/org.eclipselabs.restlet/target/org.eclipselabs.restlet-0.3.0-SNAPSHOT.jar,reference:file:/Users/bhunt/.m2/repository/p2/osgi/bundle/org.restlet/2.0.5.0/org.restlet-2.0.5.0.jar,reference:file:/Users/bhunt/.m2/repository/p2/osgi/bundle/org.restlet.ext.servlet/2.0.5.0/org.restlet.ext.servlet-2.0.5.0.jar,reference:file:/Users/bhunt/Documents/Programming/Code/EclipseLabs/restlet-osgi/Git/tests/org.eclipselabs.restlet.servlet.junit,reference:file:/Users/bhunt/.m2/repository/p2/osgi/bundle/org.junit/4.8.1.v4_8_1_v20100427-1100/org.junit-4.8.1.v4_8_1_v20100427-1100.jar,reference:file:/Users/bhunt/.m2/repository/p2/osgi/bundle/org.hamcrest.core/1.1.0.v20090501071000/org.hamcrest.core-1.1.0.v20090501071000.jar,reference:file:/Users/bhunt/Documents/Programming/Code/EclipseLabs/restlet-osgi/Git/tests/org.eclipselabs.restlet.servlet.junit,reference:file:/Users/bhunt/.m2/repository/org/sonatype/tycho/org.sonatype.tycho.surefire.osgibooter/0.10.0/org.sonatype.tycho.surefire.osgibooter-0.10.0.jar,reference:file:/Users/bhunt/.m2/repository/org/sonatype/tycho/org.sonatype.tycho.surefire.junit4/0.10.0/org.sonatype.tycho.surefire.junit4-0.10.0.jar"/>
    <property name="http.nonProxyHosts" value="local|*.local|169.254/16|*.169.254/16"/>
    <property name="java.endorsed.dirs" value="/System/Library/Java/JavaVirtualMachines/1.6.0.jdk/Contents/Home/lib/endorsed"/>
    <property name="sun.cpu.isalist" value=""/>
    <property name="sun.jnu.encoding" value="MacRoman"/>
    <property name="eclipse.application" value="org.sonatype.tycho.surefire.osgibooter.headlesstest"/>
    <property name="file.encoding.pkg" value="sun.io"/>
    <property name="org.osgi.framework.vendor" value="Eclipse"/>
    <property name="file.separator" value="/"/>
    <property name="java.specification.name" value="Java Platform API Specification"/>
    <property name="osgi.checkConfiguration" value="true"/>
    <property name="java.class.version" value="50.0"/>
    <property name="user.country" value="US"/>
    <property name="osgi.configuration.cascaded" value="false"/>
    <property name="java.home" value="/System/Library/Java/JavaVirtualMachines/1.6.0.jdk/Contents/Home"/>
    <property name="osgi.os" value="macosx"/>
    <property name="eclipse.commands" value="-data
/Users/bhunt/Documents/Programming/Code/EclipseLabs/restlet-osgi/Git/tests/org.eclipselabs.restlet.servlet.junit/target/work/data
-dev
file:/Users/bhunt/Documents/Programming/Code/EclipseLabs/restlet-osgi/Git/tests/org.eclipselabs.restlet.servlet.junit/target/dev.properties
-install
/Users/bhunt/Documents/Programming/Code/EclipseLabs/restlet-osgi/Git/tests/org.eclipselabs.restlet.servlet.junit/target/work
-configuration
/Users/bhunt/Documents/Programming/Code/EclipseLabs/restlet-osgi/Git/tests/org.eclipselabs.restlet.servlet.junit/target/work/configuration
-application
org.sonatype.tycho.surefire.osgibooter.headlesstest
-testproperties
/Users/bhunt/Documents/Programming/Code/EclipseLabs/restlet-osgi/Git/tests/org.eclipselabs.restlet.servlet.junit/target/surefire.properties
"/>
    <property name="java.vm.info" value="mixed mode"/>
    <property name="os.version" value="10.6.7"/>
    <property name="osgi.arch" value="x86_64"/>
    <property name="path.separator" value=":"/>
    <property name="java.vm.version" value="19.1-b02-334"/>
    <property name="org.osgi.supports.framework.fragment" value="true"/>
    <property name="osgi.framework.shape" value="jar"/>
    <property name="java.awt.printerjob" value="apple.awt.CPrinterJob"/>
    <property name="sun.io.unicode.encoding" value="UnicodeLittle"/>
    <property name="org.osgi.framework.version" value="1.6.0"/>
    <property name="awt.toolkit" value="apple.awt.CToolkit"/>
    <property name="socksNonProxyHosts" value="local|*.local|169.254/16|*.169.254/16"/>
    <property name="ftp.nonProxyHosts" value="local|*.local|169.254/16|*.169.254/16"/>
    <property name="osgi.dev" value="file:/Users/bhunt/Documents/Programming/Code/EclipseLabs/restlet-osgi/Git/tests/org.eclipselabs.restlet.servlet.junit/target/dev.properties"/>
    <property name="osgi.install.area" value="file:/Users/bhunt/Documents/Programming/Code/EclipseLabs/restlet-osgi/Git/tests/org.eclipselabs.restlet.servlet.junit/target/work/"/>
    <property name="osgi.framework" value="file:/Users/bhunt/.m2/repository/p2/osgi/bundle/org.eclipse.osgi/3.7.0.v20110304/org.eclipse.osgi-3.7.0.v20110304.jar"/>
    <property name="user.home" value="/Users/bhunt"/>
    <property name="osgi.bundlestore" value="/Users/bhunt/Documents/Programming/Code/EclipseLabs/restlet-osgi/Git/tests/org.eclipselabs.restlet.servlet.junit/target/work/configuration/org.eclipse.osgi/bundles"/>
    <property name="java.specification.vendor" value="Sun Microsystems Inc."/>
    <property name="osgi.nl" value="en_US"/>
    <property name="java.library.path" value=".:/Library/Java/Extensions:/System/Library/Java/Extensions:/usr/lib/java"/>
    <property name="java.vendor.url" value="http://www.apple.com/"/>
    <property name="osgi.bundlefile.limit" value="100"/>
    <property name="eclipse.startTime" value="1301293963875"/>
    <property name="org.osgi.framework.os.version" value="10.6.7"/>
    <property name="gopherProxySet" value="false"/>
    <property name="java.vm.vendor" value="Apple Inc."/>
    <property name="java.runtime.name" value="Java(TM) SE Runtime Environment"/>
    <property name="java.class.path" value="/Users/bhunt/.m2/repository/p2/osgi/bundle/org.eclipse.equinox.launcher/1.2.0.v20110124-0830/org.eclipse.equinox.launcher-1.2.0.v20110124-0830.jar"/>
    <property name="eclipse.refreshBundles" value="true"/>
    <property name="java.vm.specification.name" value="Java Virtual Machine Specification"/>
    <property name="java.vm.specification.version" value="1.0"/>
    <property name="sun.os.patch.level" value="unknown"/>
    <property name="sun.cpu.endian" value="little"/>
    <property name="java.io.tmpdir" value="/var/folders/7E/7ESlgHZhHMShVQLkrlneXE+++TI/-Tmp-/"/>
    <property name="java.vendor.url.bug" value="http://bugreport.apple.com/"/>
    <property name="eclipse.home.location" value="file:/Users/bhunt/Documents/Programming/Code/EclipseLabs/restlet-osgi/Git/tests/org.eclipselabs.restlet.servlet.junit/target/work/"/>
    <property name="mrj.build" value="10M3326"/>
    <property name="java.awt.graphicsenv" value="apple.awt.CGraphicsEnvironment"/>
    <property name="os.arch" value="x86_64"/>
    <property name="java.ext.dirs" value="/Library/Java/Extensions:/System/Library/Java/Extensions:/System/Library/Java/JavaVirtualMachines/1.6.0.jdk/Contents/Home/lib/ext"/>
    <property name="user.dir" value="/Users/bhunt/Documents/Programming/Code/EclipseLabs/restlet-osgi/Git/tests/org.eclipselabs.restlet.servlet.junit"/>
    <property name="mrj.version" value="1060.1.6.0_24-334"/>
    <property name="org.osgi.supports.framework.requirebundle" value="true"/>
    <property name="line.separator" value="
"/>
    <property name="java.vm.name" value="Java HotSpot(TM) 64-Bit Server VM"/>
    <property name="file.encoding" value="MacRoman"/>
    <property name="osgi.framework.version" value="3.7.0.v20110304"/>
    <property name="java.specification.version" value="1.6"/>
    <property name="org.osgi.framework.executionenvironment" value="OSGi/Minimum-1.0,OSGi/Minimum-1.1,OSGi/Minimum-1.2,JRE-1.1,J2SE-1.2,J2SE-1.3,J2SE-1.4,J2SE-1.5,JavaSE-1.6"/>
    <property name="osgi.configuration.area" value="file:/Users/bhunt/Documents/Programming/Code/EclipseLabs/restlet-osgi/Git/tests/org.eclipselabs.restlet.servlet.junit/target/work/configuration/"/>
    <property name="osgi.logfile" value="/Users/bhunt/Documents/Programming/Code/EclipseLabs/restlet-osgi/Git/tests/org.eclipselabs.restlet.servlet.junit/target/work/configuration/1301293964236.log"/>
  </properties>
  <testcase time="0.481" classname="org.eclipselabs.restlet.servlet.junit.tests.TestRestletServletService" name="testHttpApplicationResource"/>
  <testcase time="0.212" classname="org.eclipselabs.restlet.servlet.junit.tests.TestRestletServletService" name="testHttpResourceApplication"/>
  <testcase time="0.211" classname="org.eclipselabs.restlet.servlet.junit.tests.TestRestletServletService" name="testApplicationHttpResource"/>
  <testcase time="0.211" classname="org.eclipselabs.restlet.servlet.junit.tests.TestRestletServletService" name="testApplicationResourceHttp"/>
  <testcase time="0.211" classname="org.eclipselabs.restlet.servlet.junit.tests.TestRestletServletService" name="testResourceHttpApplication"/>
  <testcase time="0.211" classname="org.eclipselabs.restlet.servlet.junit.tests.TestRestletServletService" name="testResourceApplicationHttp"/>
  <testcase time="0.232" classname="org.eclipselabs.restlet.servlet.junit.tests.TestRestletServletService" name="testUnbindResource"/>
  <testcase time="0.211" classname="org.eclipselabs.restlet.servlet.junit.tests.TestRestletServletService" name="testUnbindApplication"/>
  <testcase time="0.213" classname="org.eclipselabs.restlet.servlet.junit.tests.TestRestletServletService" name="testUnbindHttpService"/>
  <testcase time="0.211" classname="org.eclipselabs.restlet.servlet.junit.tests.TestRestletServletService" name="testUnbindRebindHttpService"/>
  <testcase time="0.21" classname="org.eclipselabs.restlet.servlet.junit.tests.TestRestletServletService" name="testBindUnbindResource"/>
  <testcase time="0.215" classname="org.eclipselabs.restlet.servlet.junit.tests.TestRestletServletService" name="testDuplicateApplication"/>
  <testcase time="0.421" classname="org.eclipselabs.restlet.servlet.junit.tests.TestRestletServletService" name="testResourceWithMultiplePaths"/>
  <testcase time="0.212" classname="org.eclipselabs.restlet.servlet.junit.tests.TestRestletServletService" name="testFilter"/>
  <testcase time="0.224" classname="org.eclipselabs.restlet.servlet.junit.tests.TestRestletServletService" name="testFilterOrder1"/>
  <testcase time="0.211" classname="org.eclipselabs.restlet.servlet.junit.tests.TestRestletServletService" name="testFilterOrder2"/>
  <testcase time="0.211" classname="org.eclipselabs.restlet.servlet.junit.tests.TestRestletServletService" name="testServiceRegistration"/>
</testsuite>